<?xml version="1.0" encoding="UTF-8"?>
<testsuite xmlns:xsi="http://www.w3.org/2001/XMLSchema-instance" xsi:noNamespaceSchemaLocation="https://maven.apache.org/surefire/maven-surefire-plugin/xsd/surefire-test-report.xsd" name="com.evoluti.java.junit.ActionTest" time="0.054" tests="2" errors="0" skipped="0" failures="0">
  <properties>
[...]
</properties>
  <testcase name="exibeConfig" classname="com.evoluti.java.junit.ActionTest" time="0.035"/>
  <testcase name="testaConfig" classname="com.evoluti.java.junit.ActionTest" time="0.008"/>
</testsuite>